{"C:\\Users\\Thomas\\Desktop\\Code\\JavaScript\\ApiVoyage\\src\\app.js": {"path":"C:\\Users\\Thomas\\Desktop\\Code\\JavaScript\\ApiVoyage\\src\\app.js","statementMap":{"0":{"start":{"line":1,"column":16},"end":{"line":1,"column":35}},"1":{"start":{"line":2,"column":13},"end":{"line":2,"column":29}},"2":{"start":{"line":3,"column":15},"end":{"line":3,"column":33}},"3":{"start":{"line":4,"column":15},"end":{"line":4,"column":33}},"4":{"start":{"line":5,"column":11},"end":{"line":5,"column":37}},"5":{"start":{"line":6,"column":19},"end":{"line":6,"column":53}},"6":{"start":{"line":7,"column":19},"end":{"line":7,"column":53}},"7":{"start":{"line":8,"column":26},"end":{"line":8,"column":67}},"8":{"start":{"line":9,"column":29},"end":{"line":9,"column":72}},"9":{"start":{"line":12,"column":12},"end":{"line":12,"column":21}},"10":{"start":{"line":15,"column":0},"end":{"line":15,"column":24}},"11":{"start":{"line":16,"column":0},"end":{"line":16,"column":16}},"12":{"start":{"line":17,"column":0},"end":{"line":17,"column":18}},"13":{"start":{"line":18,"column":0},"end":{"line":18,"column":23}},"14":{"start":{"line":21,"column":0},"end":{"line":21,"column":33}},"15":{"start":{"line":22,"column":0},"end":{"line":22,"column":52}},"16":{"start":{"line":23,"column":0},"end":{"line":23,"column":67}},"17":{"start":{"line":25,"column":0},"end":{"line":25,"column":21}}},"fnMap":{},"branchMap":{},"s":{"0":1,"1":1,"2":1,"3":1,"4":1,"5":1,"6":1,"7":1,"8":1,"9":1,"10":1,"11":1,"12":1,"13":1,"14":1,"15":1,"16":1,"17":1},"f":{},"b":{},"_coverageSchema":"1a1c01bbd47fc00a2c39e90264f33305004495a9","hash":"dc360b03563637309f3452ef49ddc69cfbe13eda"}
,"C:\\Users\\Thomas\\Desktop\\Code\\JavaScript\\ApiVoyage\\src\\config\\db.js": {"path":"C:\\Users\\Thomas\\Desktop\\Code\\JavaScript\\ApiVoyage\\src\\config\\db.js","statementMap":{"0":{"start":{"line":1,"column":17},"end":{"line":1,"column":43}},"1":{"start":{"line":2,"column":15},"end":{"line":2,"column":33}},"2":{"start":{"line":4,"column":0},"end":{"line":4,"column":16}},"3":{"start":{"line":6,"column":11},"end":{"line":6,"column":76}},"4":{"start":{"line":9,"column":11},"end":{"line":9,"column":25}},"5":{"start":{"line":10,"column":19},"end":{"line":10,"column":69}},"6":{"start":{"line":11,"column":0},"end":{"line":11,"column":20}},"7":{"start":{"line":13,"column":0},"end":{"line":13,"column":35}},"8":{"start":{"line":15,"column":0},"end":{"line":15,"column":20}}},"fnMap":{},"branchMap":{},"s":{"0":1,"1":1,"2":1,"3":1,"4":1,"5":1,"6":1,"7":1,"8":1},"f":{},"b":{},"_coverageSchema":"1a1c01bbd47fc00a2c39e90264f33305004495a9","hash":"f5e79e432a39cced13623c7a7cb2a8790aa144b4"}
,"C:\\Users\\Thomas\\Desktop\\Code\\JavaScript\\ApiVoyage\\src\\controllers\\authController.js": {"path":"C:\\Users\\Thomas\\Desktop\\Code\\JavaScript\\ApiVoyage\\src\\controllers\\authController.js","statementMap":{"0":{"start":{"line":1,"column":15},"end":{"line":1,"column":32}},"1":{"start":{"line":2,"column":12},"end":{"line":2,"column":35}},"2":{"start":{"line":3,"column":11},"end":{"line":3,"column":37}},"3":{"start":{"line":4,"column":14},"end":{"line":4,"column":28}},"4":{"start":{"line":7,"column":23},"end":{"line":14,"column":2}},"5":{"start":{"line":16,"column":20},"end":{"line":19,"column":2}},"6":{"start":{"line":22,"column":17},"end":{"line":41,"column":1}},"7":{"start":{"line":23,"column":22},"end":{"line":23,"column":56}},"8":{"start":{"line":24,"column":2},"end":{"line":28,"column":3}},"9":{"start":{"line":26,"column":25},"end":{"line":26,"column":84}},"10":{"start":{"line":26,"column":61},"end":{"line":26,"column":72}},"11":{"start":{"line":27,"column":4},"end":{"line":27,"column":59}},"12":{"start":{"line":30,"column":40},"end":{"line":30,"column":56}},"13":{"start":{"line":31,"column":25},"end":{"line":31,"column":54}},"14":{"start":{"line":33,"column":15},"end":{"line":33,"column":91}},"15":{"start":{"line":35,"column":2},"end":{"line":40,"column":3}},"16":{"start":{"line":36,"column":4},"end":{"line":36,"column":46}},"17":{"start":{"line":37,"column":4},"end":{"line":37,"column":70}},"18":{"start":{"line":39,"column":4},"end":{"line":39,"column":85}},"19":{"start":{"line":44,"column":14},"end":{"line":65,"column":1}},"20":{"start":{"line":45,"column":22},"end":{"line":45,"column":53}},"21":{"start":{"line":46,"column":2},"end":{"line":48,"column":3}},"22":{"start":{"line":47,"column":4},"end":{"line":47,"column":71}},"23":{"start":{"line":50,"column":30},"end":{"line":50,"column":46}},"24":{"start":{"line":51,"column":15},"end":{"line":51,"column":75}},"25":{"start":{"line":53,"column":2},"end":{"line":55,"column":3}},"26":{"start":{"line":54,"column":4},"end":{"line":54,"column":71}},"27":{"start":{"line":57,"column":26},"end":{"line":57,"column":69}},"28":{"start":{"line":58,"column":2},"end":{"line":60,"column":3}},"29":{"start":{"line":59,"column":4},"end":{"line":59,"column":71}},"30":{"start":{"line":62,"column":16},"end":{"line":62,"column":86}},"31":{"start":{"line":64,"column":2},"end":{"line":64,"column":64}},"32":{"start":{"line":67,"column":0},"end":{"line":67,"column":37}}},"fnMap":{"0":{"name":"(anonymous_0)","decl":{"start":{"line":22,"column":17},"end":{"line":22,"column":18}},"loc":{"start":{"line":22,"column":31},"end":{"line":41,"column":1}},"line":22},"1":{"name":"(anonymous_1)","decl":{"start":{"line":26,"column":54},"end":{"line":26,"column":55}},"loc":{"start":{"line":26,"column":61},"end":{"line":26,"column":72}},"line":26},"2":{"name":"(anonymous_2)","decl":{"start":{"line":44,"column":14},"end":{"line":44,"column":15}},"loc":{"start":{"line":44,"column":28},"end":{"line":65,"column":1}},"line":44}},"branchMap":{"0":{"loc":{"start":{"line":24,"column":2},"end":{"line":28,"column":3}},"type":"if","locations":[{"start":{"line":24,"column":2},"end":{"line":28,"column":3}},{"start":{},"end":{}}],"line":24},"1":{"loc":{"start":{"line":46,"column":2},"end":{"line":48,"column":3}},"type":"if","locations":[{"start":{"line":46,"column":2},"end":{"line":48,"column":3}},{"start":{},"end":{}}],"line":46},"2":{"loc":{"start":{"line":53,"column":2},"end":{"line":55,"column":3}},"type":"if","locations":[{"start":{"line":53,"column":2},"end":{"line":55,"column":3}},{"start":{},"end":{}}],"line":53},"3":{"loc":{"start":{"line":58,"column":2},"end":{"line":60,"column":3}},"type":"if","locations":[{"start":{"line":58,"column":2},"end":{"line":60,"column":3}},{"start":{},"end":{}}],"line":58}},"s":{"0":1,"1":1,"2":1,"3":1,"4":1,"5":1,"6":1,"7":4,"8":4,"9":1,"10":1,"11":1,"12":3,"13":3,"14":3,"15":3,"16":3,"17":1,"18":2,"19":1,"20":3,"21":3,"22":0,"23":3,"24":3,"25":3,"26":1,"27":2,"28":2,"29":1,"30":1,"31":1,"32":1},"f":{"0":4,"1":1,"2":3},"b":{"0":[1,3],"1":[0,3],"2":[1,2],"3":[1,1]},"_coverageSchema":"1a1c01bbd47fc00a2c39e90264f33305004495a9","hash":"8618d81be6ac8c3a2313ea3840a1b42fd6a02e28"}
,"C:\\Users\\Thomas\\Desktop\\Code\\JavaScript\\ApiVoyage\\src\\controllers\\packingListController.js": {"path":"C:\\Users\\Thomas\\Desktop\\Code\\JavaScript\\ApiVoyage\\src\\controllers\\packingListController.js","statementMap":{"0":{"start":{"line":1,"column":11},"end":{"line":1,"column":38}},"1":{"start":{"line":4,"column":26},"end":{"line":19,"column":1}},"2":{"start":{"line":5,"column":28},"end":{"line":5,"column":36}},"3":{"start":{"line":7,"column":2},"end":{"line":9,"column":3}},"4":{"start":{"line":8,"column":4},"end":{"line":8,"column":77}},"5":{"start":{"line":11,"column":15},"end":{"line":11,"column":85}},"6":{"start":{"line":13,"column":2},"end":{"line":18,"column":3}},"7":{"start":{"line":14,"column":4},"end":{"line":14,"column":44}},"8":{"start":{"line":15,"column":4},"end":{"line":15,"column":76}},"9":{"start":{"line":17,"column":4},"end":{"line":17,"column":91}},"10":{"start":{"line":22,"column":23},"end":{"line":32,"column":1}},"11":{"start":{"line":23,"column":21},"end":{"line":23,"column":31}},"12":{"start":{"line":25,"column":22},"end":{"line":25,"column":93}},"13":{"start":{"line":27,"column":2},"end":{"line":29,"column":3}},"14":{"start":{"line":28,"column":4},"end":{"line":28,"column":92}},"15":{"start":{"line":31,"column":2},"end":{"line":31,"column":65}},"16":{"start":{"line":35,"column":35},"end":{"line":60,"column":1}},"17":{"start":{"line":36,"column":21},"end":{"line":36,"column":31}},"18":{"start":{"line":37,"column":23},"end":{"line":37,"column":31}},"19":{"start":{"line":40,"column":22},"end":{"line":40,"column":93}},"20":{"start":{"line":42,"column":2},"end":{"line":44,"column":3}},"21":{"start":{"line":43,"column":4},"end":{"line":43,"column":92}},"22":{"start":{"line":46,"column":16},"end":{"line":46,"column":45}},"23":{"start":{"line":49,"column":20},"end":{"line":49,"column":43}},"24":{"start":{"line":50,"column":2},"end":{"line":52,"column":3}},"25":{"start":{"line":51,"column":4},"end":{"line":51,"column":78}},"26":{"start":{"line":54,"column":2},"end":{"line":54,"column":29}},"27":{"start":{"line":56,"column":15},"end":{"line":56,"column":81}},"28":{"start":{"line":57,"column":2},"end":{"line":57,"column":42}},"29":{"start":{"line":59,"column":2},"end":{"line":59,"column":72}},"30":{"start":{"line":63,"column":33},"end":{"line":92,"column":1}},"31":{"start":{"line":64,"column":21},"end":{"line":64,"column":31}},"32":{"start":{"line":65,"column":39},"end":{"line":65,"column":47}},"33":{"start":{"line":67,"column":2},"end":{"line":69,"column":3}},"34":{"start":{"line":68,"column":4},"end":{"line":68,"column":100}},"35":{"start":{"line":72,"column":22},"end":{"line":72,"column":93}},"36":{"start":{"line":74,"column":2},"end":{"line":76,"column":3}},"37":{"start":{"line":75,"column":4},"end":{"line":75,"column":92}},"38":{"start":{"line":79,"column":16},"end":{"line":79,"column":45}},"39":{"start":{"line":81,"column":20},"end":{"line":81,"column":46}},"40":{"start":{"line":82,"column":2},"end":{"line":84,"column":3}},"41":{"start":{"line":83,"column":4},"end":{"line":83,"column":78}},"42":{"start":{"line":86,"column":2},"end":{"line":86,"column":33}},"43":{"start":{"line":88,"column":15},"end":{"line":88,"column":81}},"44":{"start":{"line":89,"column":2},"end":{"line":89,"column":42}},"45":{"start":{"line":91,"column":2},"end":{"line":91,"column":74}},"46":{"start":{"line":94,"column":0},"end":{"line":94,"column":106}}},"fnMap":{"0":{"name":"(anonymous_0)","decl":{"start":{"line":4,"column":26},"end":{"line":4,"column":27}},"loc":{"start":{"line":4,"column":40},"end":{"line":19,"column":1}},"line":4},"1":{"name":"(anonymous_1)","decl":{"start":{"line":22,"column":23},"end":{"line":22,"column":24}},"loc":{"start":{"line":22,"column":37},"end":{"line":32,"column":1}},"line":22},"2":{"name":"(anonymous_2)","decl":{"start":{"line":35,"column":35},"end":{"line":35,"column":36}},"loc":{"start":{"line":35,"column":49},"end":{"line":60,"column":1}},"line":35},"3":{"name":"(anonymous_3)","decl":{"start":{"line":63,"column":33},"end":{"line":63,"column":34}},"loc":{"start":{"line":63,"column":47},"end":{"line":92,"column":1}},"line":63}},"branchMap":{"0":{"loc":{"start":{"line":7,"column":2},"end":{"line":9,"column":3}},"type":"if","locations":[{"start":{"line":7,"column":2},"end":{"line":9,"column":3}},{"start":{},"end":{}}],"line":7},"1":{"loc":{"start":{"line":7,"column":6},"end":{"line":7,"column":23}},"type":"binary-expr","locations":[{"start":{"line":7,"column":6},"end":{"line":7,"column":13}},{"start":{"line":7,"column":17},"end":{"line":7,"column":23}}],"line":7},"2":{"loc":{"start":{"line":27,"column":2},"end":{"line":29,"column":3}},"type":"if","locations":[{"start":{"line":27,"column":2},"end":{"line":29,"column":3}},{"start":{},"end":{}}],"line":27},"3":{"loc":{"start":{"line":42,"column":2},"end":{"line":44,"column":3}},"type":"if","locations":[{"start":{"line":42,"column":2},"end":{"line":44,"column":3}},{"start":{},"end":{}}],"line":42},"4":{"loc":{"start":{"line":50,"column":2},"end":{"line":52,"column":3}},"type":"if","locations":[{"start":{"line":50,"column":2},"end":{"line":52,"column":3}},{"start":{},"end":{}}],"line":50},"5":{"loc":{"start":{"line":67,"column":2},"end":{"line":69,"column":3}},"type":"if","locations":[{"start":{"line":67,"column":2},"end":{"line":69,"column":3}},{"start":{},"end":{}}],"line":67},"6":{"loc":{"start":{"line":67,"column":6},"end":{"line":67,"column":34}},"type":"binary-expr","locations":[{"start":{"line":67,"column":6},"end":{"line":67,"column":18}},{"start":{"line":67,"column":22},"end":{"line":67,"column":34}}],"line":67},"7":{"loc":{"start":{"line":74,"column":2},"end":{"line":76,"column":3}},"type":"if","locations":[{"start":{"line":74,"column":2},"end":{"line":76,"column":3}},{"start":{},"end":{}}],"line":74},"8":{"loc":{"start":{"line":82,"column":2},"end":{"line":84,"column":3}},"type":"if","locations":[{"start":{"line":82,"column":2},"end":{"line":84,"column":3}},{"start":{},"end":{}}],"line":82}},"s":{"0":1,"1":1,"2":0,"3":0,"4":0,"5":0,"6":0,"7":0,"8":0,"9":0,"10":1,"11":0,"12":0,"13":0,"14":0,"15":0,"16":1,"17":0,"18":0,"19":0,"20":0,"21":0,"22":0,"23":0,"24":0,"25":0,"26":0,"27":0,"28":0,"29":0,"30":1,"31":0,"32":0,"33":0,"34":0,"35":0,"36":0,"37":0,"38":0,"39":0,"40":0,"41":0,"42":0,"43":0,"44":0,"45":0,"46":1},"f":{"0":0,"1":0,"2":0,"3":0},"b":{"0":[0,0],"1":[0,0],"2":[0,0],"3":[0,0],"4":[0,0],"5":[0,0],"6":[0,0],"7":[0,0],"8":[0,0]},"_coverageSchema":"1a1c01bbd47fc00a2c39e90264f33305004495a9","hash":"5e5808f797699b3cc1fa4e638f53c3599b6c7c9c"}
,"C:\\Users\\Thomas\\Desktop\\Code\\JavaScript\\ApiVoyage\\src\\controllers\\tripController.js": {"path":"C:\\Users\\Thomas\\Desktop\\Code\\JavaScript\\ApiVoyage\\src\\controllers\\tripController.js","statementMap":{"0":{"start":{"line":1,"column":11},"end":{"line":1,"column":34}},"1":{"start":{"line":4,"column":19},"end":{"line":19,"column":1}},"2":{"start":{"line":5,"column":61},"end":{"line":5,"column":69}},"3":{"start":{"line":7,"column":2},"end":{"line":9,"column":3}},"4":{"start":{"line":8,"column":4},"end":{"line":8,"column":76}},"5":{"start":{"line":11,"column":15},"end":{"line":11,"column":121}},"6":{"start":{"line":13,"column":2},"end":{"line":18,"column":3}},"7":{"start":{"line":14,"column":4},"end":{"line":14,"column":61}},"8":{"start":{"line":15,"column":4},"end":{"line":15,"column":65}},"9":{"start":{"line":17,"column":4},"end":{"line":17,"column":78}},"10":{"start":{"line":21,"column":17},"end":{"line":31,"column":1}},"11":{"start":{"line":22,"column":21},"end":{"line":22,"column":30}},"12":{"start":{"line":24,"column":16},"end":{"line":24,"column":79}},"13":{"start":{"line":26,"column":2},"end":{"line":28,"column":3}},"14":{"start":{"line":27,"column":4},"end":{"line":27,"column":89}},"15":{"start":{"line":30,"column":2},"end":{"line":30,"column":34}},"16":{"start":{"line":33,"column":0},"end":{"line":33,"column":41}}},"fnMap":{"0":{"name":"(anonymous_0)","decl":{"start":{"line":4,"column":19},"end":{"line":4,"column":20}},"loc":{"start":{"line":4,"column":33},"end":{"line":19,"column":1}},"line":4},"1":{"name":"(anonymous_1)","decl":{"start":{"line":21,"column":17},"end":{"line":21,"column":18}},"loc":{"start":{"line":21,"column":31},"end":{"line":31,"column":1}},"line":21}},"branchMap":{"0":{"loc":{"start":{"line":7,"column":2},"end":{"line":9,"column":3}},"type":"if","locations":[{"start":{"line":7,"column":2},"end":{"line":9,"column":3}},{"start":{},"end":{}}],"line":7},"1":{"loc":{"start":{"line":7,"column":6},"end":{"line":7,"column":65}},"type":"binary-expr","locations":[{"start":{"line":7,"column":6},"end":{"line":7,"column":12}},{"start":{"line":7,"column":16},"end":{"line":7,"column":28}},{"start":{"line":7,"column":32},"end":{"line":7,"column":42}},{"start":{"line":7,"column":46},"end":{"line":7,"column":54}},{"start":{"line":7,"column":58},"end":{"line":7,"column":65}}],"line":7},"2":{"loc":{"start":{"line":26,"column":2},"end":{"line":28,"column":3}},"type":"if","locations":[{"start":{"line":26,"column":2},"end":{"line":28,"column":3}},{"start":{},"end":{}}],"line":26}},"s":{"0":1,"1":1,"2":0,"3":0,"4":0,"5":0,"6":0,"7":0,"8":0,"9":0,"10":1,"11":0,"12":0,"13":0,"14":0,"15":0,"16":1},"f":{"0":0,"1":0},"b":{"0":[0,0],"1":[0,0,0,0,0],"2":[0,0]},"_coverageSchema":"1a1c01bbd47fc00a2c39e90264f33305004495a9","hash":"ef3ab3650fc91a7566d8541a0f76a3394cd6242d"}
,"C:\\Users\\Thomas\\Desktop\\Code\\JavaScript\\ApiVoyage\\src\\middlewares\\authMiddleware.js": {"path":"C:\\Users\\Thomas\\Desktop\\Code\\JavaScript\\ApiVoyage\\src\\middlewares\\authMiddleware.js","statementMap":{"0":{"start":{"line":1,"column":12},"end":{"line":1,"column":35}},"1":{"start":{"line":2,"column":15},"end":{"line":2,"column":32}},"2":{"start":{"line":3,"column":0},"end":{"line":3,"column":16}},"3":{"start":{"line":7,"column":25},"end":{"line":20,"column":1}},"4":{"start":{"line":8,"column":16},"end":{"line":8,"column":43}},"5":{"start":{"line":9,"column":2},"end":{"line":11,"column":3}},"6":{"start":{"line":10,"column":4},"end":{"line":10,"column":78}},"7":{"start":{"line":13,"column":2},"end":{"line":19,"column":3}},"8":{"start":{"line":14,"column":20},"end":{"line":14,"column":84}},"9":{"start":{"line":15,"column":4},"end":{"line":15,"column":23}},"10":{"start":{"line":16,"column":4},"end":{"line":16,"column":11}},"11":{"start":{"line":18,"column":4},"end":{"line":18,"column":57}},"12":{"start":{"line":22,"column":0},"end":{"line":22,"column":37}}},"fnMap":{"0":{"name":"(anonymous_0)","decl":{"start":{"line":7,"column":25},"end":{"line":7,"column":26}},"loc":{"start":{"line":7,"column":45},"end":{"line":20,"column":1}},"line":7}},"branchMap":{"0":{"loc":{"start":{"line":9,"column":2},"end":{"line":11,"column":3}},"type":"if","locations":[{"start":{"line":9,"column":2},"end":{"line":11,"column":3}},{"start":{},"end":{}}],"line":9}},"s":{"0":1,"1":1,"2":1,"3":1,"4":0,"5":0,"6":0,"7":0,"8":0,"9":0,"10":0,"11":0,"12":1},"f":{"0":0},"b":{"0":[0,0]},"_coverageSchema":"1a1c01bbd47fc00a2c39e90264f33305004495a9","hash":"d04cf925a5b682a65685610adac379cd1e89529f"}
,"C:\\Users\\Thomas\\Desktop\\Code\\JavaScript\\ApiVoyage\\src\\routes\\authRoutes.js": {"path":"C:\\Users\\Thomas\\Desktop\\Code\\JavaScript\\ApiVoyage\\src\\routes\\authRoutes.js","statementMap":{"0":{"start":{"line":1,"column":16},"end":{"line":1,"column":34}},"1":{"start":{"line":2,"column":28},"end":{"line":2,"column":68}},"2":{"start":{"line":4,"column":15},"end":{"line":4,"column":31}},"3":{"start":{"line":6,"column":0},"end":{"line":6,"column":35}},"4":{"start":{"line":7,"column":0},"end":{"line":7,"column":29}},"5":{"start":{"line":9,"column":0},"end":{"line":9,"column":24}}},"fnMap":{},"branchMap":{},"s":{"0":1,"1":1,"2":1,"3":1,"4":1,"5":1},"f":{},"b":{},"_coverageSchema":"1a1c01bbd47fc00a2c39e90264f33305004495a9","hash":"75e3b56be44cc4aad374c421b2866a117dd9e719"}
,"C:\\Users\\Thomas\\Desktop\\Code\\JavaScript\\ApiVoyage\\src\\routes\\packingListRoutes.js": {"path":"C:\\Users\\Thomas\\Desktop\\Code\\JavaScript\\ApiVoyage\\src\\routes\\packingListRoutes.js","statementMap":{"0":{"start":{"line":1,"column":16},"end":{"line":1,"column":34}},"1":{"start":{"line":2,"column":46},"end":{"line":2,"column":93}},"2":{"start":{"line":4,"column":15},"end":{"line":4,"column":31}},"3":{"start":{"line":6,"column":0},"end":{"line":6,"column":36}},"4":{"start":{"line":7,"column":0},"end":{"line":7,"column":39}},"5":{"start":{"line":9,"column":0},"end":{"line":9,"column":24}}},"fnMap":{},"branchMap":{},"s":{"0":1,"1":1,"2":1,"3":1,"4":1,"5":1},"f":{},"b":{},"_coverageSchema":"1a1c01bbd47fc00a2c39e90264f33305004495a9","hash":"1e03355adbaba5e709bb50be93b502568b69a719"}
,"C:\\Users\\Thomas\\Desktop\\Code\\JavaScript\\ApiVoyage\\src\\routes\\tripRoutes.js": {"path":"C:\\Users\\Thomas\\Desktop\\Code\\JavaScript\\ApiVoyage\\src\\routes\\tripRoutes.js","statementMap":{"0":{"start":{"line":1,"column":16},"end":{"line":1,"column":34}},"1":{"start":{"line":2,"column":33},"end":{"line":2,"column":73}},"2":{"start":{"line":4,"column":15},"end":{"line":4,"column":31}},"3":{"start":{"line":6,"column":0},"end":{"line":6,"column":29}},"4":{"start":{"line":7,"column":0},"end":{"line":7,"column":26}},"5":{"start":{"line":9,"column":0},"end":{"line":9,"column":24}}},"fnMap":{},"branchMap":{},"s":{"0":1,"1":1,"2":1,"3":1,"4":1,"5":1},"f":{},"b":{},"_coverageSchema":"1a1c01bbd47fc00a2c39e90264f33305004495a9","hash":"e73286ea015cc5b690c17d94f266a89031ff4726"}
}
